#
# There is insufficient memory for the Java Runtime Environment to continue.
# Native memory allocation (malloc) failed to allocate 1817616 bytes for Chunk::new
# Possible reasons:
#   The system is out of physical RAM or swap space
#   The process is running with CompressedOops enabled, and the Java Heap may be blocking the growth of the native heap
# Possible solutions:
#   Reduce memory load on the system
#   Increase physical memory or swap space
#   Check if swap backing store is full
#   Decrease Java heap size (-Xmx/-Xms)
#   Decrease number of Java threads
#   Decrease Java thread stack sizes (-Xss)
#   Set larger code cache with -XX:ReservedCodeCacheSize=
#   JVM is running with Unscaled Compressed Oops mode in which the Java heap is
#     placed in the first 4GB address space. The Java Heap base address is the
#     maximum limit for the native heap growth. Please use -XX:HeapBaseMinAddress
#     to set the Java Heap base and to place the Java Heap above 4GB virtual address.
# This output file may be truncated or incomplete.
#
#  Out of Memory Error (arena.cpp:168), pid=22412, tid=14220
#
# JRE version: Java(TM) SE Runtime Environment (21.0.4+8) (build 21.0.4+8-LTS-274)
# Java VM: Java HotSpot(TM) 64-Bit Server VM (21.0.4+8-LTS-274, mixed mode, sharing, tiered, compressed oops, compressed class ptrs, g1 gc, windows-amd64)
# No core dump will be written. Minidumps are not enabled by default on client versions of Windows
#

---------------  S U M M A R Y ------------

Command Line: C:\Users\LENOVO T495\AppData\Local\Temp\surefire1456932182075518222\surefirebooter-20250824201113902_3.jar C:\Users\LENOVO T495\AppData\Local\Temp\surefire1456932182075518222 2025-08-24T20-11-13_522-jvmRun1 surefire-20250824201113902_1tmp surefire_0-20250824201113902_2tmp

Host: AMD Ryzen 5 PRO 3500U w/ Radeon Vega Mobile Gfx, 8 cores, 5G,  Windows 11 , 64 bit Build 26100 (10.0.26100.4768)
Time: Sun Aug 24 20:11:31 2025 India Standard Time elapsed time: 16.858674 seconds (0d 0h 0m 16s)

---------------  T H R E A D  ---------------

Current thread (0x000001d37c4e5a30):  JavaThread "C2 CompilerThread1" daemon [_thread_in_native, id=14220, stack(0x000000c91cc00000,0x000000c91cd00000) (1024K)]


Current CompileTask:
C2:  16858 6988       4       org.springframework.core.ResolvableType::isArray (59 bytes)

Stack: [0x000000c91cc00000,0x000000c91cd00000]
Native frames: (J=compiled Java code, j=interpreted, Vv=VM code, C=native code)
V  [jvm.dll+0x6c8e59]
V  [jvm.dll+0x853181]
V  [jvm.dll+0x8556ae]
V  [jvm.dll+0x855d83]
V  [jvm.dll+0x27d526]
V  [jvm.dll+0xc4aad]
V  [jvm.dll+0xc4fe3]
V  [jvm.dll+0x3b3fd2]
V  [jvm.dll+0x3809a5]
V  [jvm.dll+0x37fe1a]
V  [jvm.dll+0x246280]
V  [jvm.dll+0x24585f]
V  [jvm.dll+0x1c69de]
V  [jvm.dll+0x254d49]
V  [jvm.dll+0x2532da]
V  [jvm.dll+0x3ed426]
V  [jvm.dll+0x7fd65b]
V  [jvm.dll+0x6c753d]
C  [ucrtbase.dll+0x37b0]
C  [KERNEL32.DLL+0x2e8d7]
C  [ntdll.dll+0x3c34c]


---------------  P R O C E S S  ---------------

Threads class SMR info:
_java_thread_list=0x000001d37ec689f0, length=16, elements={
0x000001d3592c32d0, 0x000001d377481780, 0x000001d3774841f0, 0x000001d377485370,
0x000001d377486130, 0x000001d377486b90, 0x000001d3774875f0, 0x000001d377488380,
0x000001d37748b230, 0x000001d3776fa2c0, 0x000001d377701930, 0x000001d37c30b910,
0x000001d3778b17d0, 0x000001d37d7890f0, 0x000001d37d7883d0, 0x000001d37c4e5a30
}

Java Threads: ( => current thread )
  0x000001d3592c32d0 JavaThread "main"                              [_thread_in_native, id=10984, stack(0x000000c91b800000,0x000000c91b900000) (1024K)]
  0x000001d377481780 JavaThread "Reference Handler"          daemon [_thread_blocked, id=12916, stack(0x000000c91c000000,0x000000c91c100000) (1024K)]
  0x000001d3774841f0 JavaThread "Finalizer"                  daemon [_thread_blocked, id=1132, stack(0x000000c91c100000,0x000000c91c200000) (1024K)]
  0x000001d377485370 JavaThread "Signal Dispatcher"          daemon [_thread_blocked, id=17288, stack(0x000000c91c200000,0x000000c91c300000) (1024K)]
  0x000001d377486130 JavaThread "Attach Listener"            daemon [_thread_blocked, id=19104, stack(0x000000c91c300000,0x000000c91c400000) (1024K)]
  0x000001d377486b90 JavaThread "Service Thread"             daemon [_thread_blocked, id=20924, stack(0x000000c91c400000,0x000000c91c500000) (1024K)]
  0x000001d3774875f0 JavaThread "Monitor Deflation Thread"   daemon [_thread_blocked, id=2856, stack(0x000000c91c500000,0x000000c91c600000) (1024K)]
  0x000001d377488380 JavaThread "C2 CompilerThread0"         daemon [_thread_blocked, id=9404, stack(0x000000c91c600000,0x000000c91c700000) (1024K)]
  0x000001d37748b230 JavaThread "C1 CompilerThread0"         daemon [_thread_blocked, id=14164, stack(0x000000c91c700000,0x000000c91c800000) (1024K)]
  0x000001d3776fa2c0 JavaThread "Notification Thread"        daemon [_thread_blocked, id=21532, stack(0x000000c91c800000,0x000000c91c900000) (1024K)]
  0x000001d377701930 JavaThread "Common-Cleaner"             daemon [_thread_blocked, id=11408, stack(0x000000c91c900000,0x000000c91ca00000) (1024K)]
  0x000001d37c30b910 JavaThread "surefire-forkedjvm-stream-flusher" daemon [_thread_blocked, id=2860, stack(0x000000c91ca00000,0x000000c91cb00000) (1024K)]
  0x000001d3778b17d0 JavaThread "surefire-forkedjvm-command-thread" daemon [_thread_in_native, id=23320, stack(0x000000c91cb00000,0x000000c91cc00000) (1024K)]
  0x000001d37d7890f0 JavaThread "mysql-cj-abandoned-connection-cleanup" daemon [_thread_blocked, id=23268, stack(0x000000c91d400000,0x000000c91d500000) (1024K)]
  0x000001d37d7883d0 JavaThread "HikariPool-1:housekeeper"   daemon [_thread_blocked, id=8332, stack(0x000000c91d700000,0x000000c91d800000) (1024K)]
=>0x000001d37c4e5a30 JavaThread "C2 CompilerThread1"         daemon [_thread_in_native, id=14220, stack(0x000000c91cc00000,0x000000c91cd00000) (1024K)]
Total: 16

Other Threads:
  0x000001d377461350 VMThread "VM Thread"                           [id=1304, stack(0x000000c91bf00000,0x000000c91c000000) (1024K)]
  0x000001d377448ba0 WatcherThread "VM Periodic Task Thread"        [id=15488, stack(0x000000c91be00000,0x000000c91bf00000) (1024K)]
  0x000001d3595aca70 WorkerThread "GC Thread#0"                     [id=23176, stack(0x000000c91b900000,0x000000c91ba00000) (1024K)]
  0x000001d37cabb590 WorkerThread "GC Thread#1"                     [id=12308, stack(0x000000c91cd00000,0x000000c91ce00000) (1024K)]
  0x000001d37ca09a00 WorkerThread "GC Thread#2"                     [id=9148, stack(0x000000c91ce00000,0x000000c91cf00000) (1024K)]
  0x000001d37ca1c170 WorkerThread "GC Thread#3"                     [id=17068, stack(0x000000c91cf00000,0x000000c91d000000) (1024K)]
  0x000001d37ca1e930 WorkerThread "GC Thread#4"                     [id=15620, stack(0x000000c91d000000,0x000000c91d100000) (1024K)]
  0x000001d37ca230f0 WorkerThread "GC Thread#5"                     [id=12740, stack(0x000000c91d100000,0x000000c91d200000) (1024K)]
  0x000001d37ca23490 WorkerThread "GC Thread#6"                     [id=18024, stack(0x000000c91d200000,0x000000c91d300000) (1024K)]
  0x000001d37ca23830 WorkerThread "GC Thread#7"                     [id=1756, stack(0x000000c91d300000,0x000000c91d400000) (1024K)]
  0x000001d3595ba400 ConcurrentGCThread "G1 Main Marker"            [id=23032, stack(0x000000c91ba00000,0x000000c91bb00000) (1024K)]
  0x000001d3595be650 WorkerThread "G1 Conc#0"                       [id=7428, stack(0x000000c91bb00000,0x000000c91bc00000) (1024K)]
  0x000001d37cc96670 WorkerThread "G1 Conc#1"                       [id=14936, stack(0x000000c91d500000,0x000000c91d600000) (1024K)]
  0x000001d377317680 ConcurrentGCThread "G1 Refine#0"               [id=18684, stack(0x000000c91bc00000,0x000000c91bd00000) (1024K)]
  0x000001d377318090 ConcurrentGCThread "G1 Service"                [id=13084, stack(0x000000c91bd00000,0x000000c91be00000) (1024K)]
Total: 15

Threads with active compile tasks:
C2 CompilerThread1    16899 6988       4       org.springframework.core.ResolvableType::isArray (59 bytes)
Total: 1

VM state: not at safepoint (normal execution)

VM Mutex/Monitor currently owned by a thread: None

Heap address: 0x00000000a1e00000, size: 1506 MB, Compressed Oops mode: 32-bit

CDS archive(s) mapped at: [0x000001d300000000-0x000001d300c90000-0x000001d300c90000), size 13172736, SharedBaseAddress: 0x000001d300000000, ArchiveRelocationMode: 1.
Compressed class space mapped at: 0x000001d301000000-0x000001d341000000, reserved size: 1073741824
Narrow klass base: 0x000001d300000000, Narrow klass shift: 0, Narrow klass range: 0x100000000

GC Precious Log:
 CardTable entry size: 512
 Card Set container configuration: InlinePtr #cards 5 size 8 Array Of Cards #cards 12 size 40 Howl #buckets 4 coarsen threshold 1843 Howl Bitmap #cards 512 size 80 coarsen threshold 460 Card regions per heap region 1 cards per card region 2048
 CPUs: 8 total, 8 available
 Memory: 6021M
 Large Page Support: Disabled
 NUMA Support: Disabled
 Compressed Oops: Enabled (32-bit)
 Heap Region Size: 1M
 Heap Min Capacity: 8M
 Heap Initial Capacity: 96M
 Heap Max Capacity: 1506M
 Pre-touch: Disabled
 Parallel Workers: 8
 Concurrent Workers: 2
 Concurrent Refinement Workers: 8
 Periodic GC: Disabled

Heap:
 garbage-first heap   total 70656K, used 53033K [0x00000000a1e00000, 0x0000000100000000)
  region size 1024K, 24 young (24576K), 3 survivors (3072K)
 Metaspace       used 74359K, committed 75136K, reserved 1114112K
  class space    used 10126K, committed 10496K, reserved 1048576K

Heap Regions: E=young(eden), S=young(survivor), O=old, HS=humongous(starts), HC=humongous(continues), CS=collection set, F=free, TAMS=top-at-mark-start, PB=parsable bottom
|   0|0x00000000a1e00000, 0x00000000a1f00000, 0x00000000a1f00000|100%|HS|  |TAMS 0x00000000a1e00000| PB 0x00000000a1e00000| Complete 
|   1|0x00000000a1f00000, 0x00000000a2000000, 0x00000000a2000000|100%|HS|  |TAMS 0x00000000a1f00000| PB 0x00000000a1f00000| Complete 
|   2|0x00000000a2000000, 0x00000000a2100000, 0x00000000a2100000|100%| O|  |TAMS 0x00000000a2000000| PB 0x00000000a2000000| Untracked 
|   3|0x00000000a2100000, 0x00000000a2200000, 0x00000000a2200000|100%| O|  |TAMS 0x00000000a2100000| PB 0x00000000a2100000| Untracked 
|   4|0x00000000a2200000, 0x00000000a2300000, 0x00000000a2300000|100%| O|  |TAMS 0x00000000a2200000| PB 0x00000000a2200000| Untracked 
|   5|0x00000000a2300000, 0x00000000a2400000, 0x00000000a2400000|100%| O|  |TAMS 0x00000000a2300000| PB 0x00000000a2300000| Untracked 
|   6|0x00000000a2400000, 0x00000000a2500000, 0x00000000a2500000|100%| O|  |TAMS 0x00000000a2400000| PB 0x00000000a2400000| Untracked 
|   7|0x00000000a2500000, 0x00000000a2600000, 0x00000000a2600000|100%| O|  |TAMS 0x00000000a2500000| PB 0x00000000a2500000| Untracked 
|   8|0x00000000a2600000, 0x00000000a2700000, 0x00000000a2700000|100%| O|  |TAMS 0x00000000a2600000| PB 0x00000000a2600000| Untracked 
|   9|0x00000000a2700000, 0x00000000a2700000, 0x00000000a2800000|  0%| F|  |TAMS 0x00000000a2700000| PB 0x00000000a2700000| Untracked 
|  10|0x00000000a2800000, 0x00000000a2900000, 0x00000000a2900000|100%| O|  |TAMS 0x00000000a2800000| PB 0x00000000a2800000| Untracked 
|  11|0x00000000a2900000, 0x00000000a2a00000, 0x00000000a2a00000|100%| O|  |TAMS 0x00000000a2900000| PB 0x00000000a2900000| Untracked 
|  12|0x00000000a2a00000, 0x00000000a2b00000, 0x00000000a2b00000|100%| O|  |TAMS 0x00000000a2a00000| PB 0x00000000a2a00000| Untracked 
|  13|0x00000000a2b00000, 0x00000000a2c00000, 0x00000000a2c00000|100%| O|  |TAMS 0x00000000a2b00000| PB 0x00000000a2b00000| Untracked 
|  14|0x00000000a2c00000, 0x00000000a2d00000, 0x00000000a2d00000|100%| O|  |TAMS 0x00000000a2c00000| PB 0x00000000a2c00000| Untracked 
|  15|0x00000000a2d00000, 0x00000000a2e00000, 0x00000000a2e00000|100%| O|  |TAMS 0x00000000a2d00000| PB 0x00000000a2d00000| Untracked 
|  16|0x00000000a2e00000, 0x00000000a2f00000, 0x00000000a2f00000|100%| O|  |TAMS 0x00000000a2e00000| PB 0x00000000a2e00000| Untracked 
|  17|0x00000000a2f00000, 0x00000000a3000000, 0x00000000a3000000|100%| O|  |TAMS 0x00000000a2f00000| PB 0x00000000a2f00000| Untracked 
|  18|0x00000000a3000000, 0x00000000a3100000, 0x00000000a3100000|100%| O|  |TAMS 0x00000000a3000000| PB 0x00000000a3000000| Untracked 
|  19|0x00000000a3100000, 0x00000000a3200000, 0x00000000a3200000|100%| O|  |TAMS 0x00000000a3100000| PB 0x00000000a3100000| Untracked 
|  20|0x00000000a3200000, 0x00000000a3300000, 0x00000000a3300000|100%| O|  |TAMS 0x00000000a3200000| PB 0x00000000a3200000| Untracked 
|  21|0x00000000a3300000, 0x00000000a3400000, 0x00000000a3400000|100%| O|  |TAMS 0x00000000a3300000| PB 0x00000000a3300000| Untracked 
|  22|0x00000000a3400000, 0x00000000a3500000, 0x00000000a3500000|100%| O|  |TAMS 0x00000000a3400000| PB 0x00000000a3400000| Untracked 
|  23|0x00000000a3500000, 0x00000000a3600000, 0x00000000a3600000|100%| O|  |TAMS 0x00000000a3500000| PB 0x00000000a3500000| Untracked 
|  24|0x00000000a3600000, 0x00000000a3700000, 0x00000000a3700000|100%| O|  |TAMS 0x00000000a3600000| PB 0x00000000a3600000| Untracked 
|  25|0x00000000a3700000, 0x00000000a3800000, 0x00000000a3800000|100%| O|  |TAMS 0x00000000a3700000| PB 0x00000000a3700000| Untracked 
|  26|0x00000000a3800000, 0x00000000a3900000, 0x00000000a3900000|100%| O|  |TAMS 0x00000000a3800000| PB 0x00000000a3800000| Untracked 
|  27|0x00000000a3900000, 0x00000000a3a00000, 0x00000000a3a00000|100%| O|  |TAMS 0x00000000a3900000| PB 0x00000000a3900000| Untracked 
|  28|0x00000000a3a00000, 0x00000000a3a00000, 0x00000000a3b00000|  0%| F|  |TAMS 0x00000000a3a00000| PB 0x00000000a3a00000| Untracked 
|  29|0x00000000a3b00000, 0x00000000a3b00000, 0x00000000a3c00000|  0%| F|  |TAMS 0x00000000a3b00000| PB 0x00000000a3b00000| Untracked 
|  30|0x00000000a3c00000, 0x00000000a3c00000, 0x00000000a3d00000|  0%| F|  |TAMS 0x00000000a3c00000| PB 0x00000000a3c00000| Untracked 
|  31|0x00000000a3d00000, 0x00000000a3d00000, 0x00000000a3e00000|  0%| F|  |TAMS 0x00000000a3d00000| PB 0x00000000a3d00000| Untracked 
|  32|0x00000000a3e00000, 0x00000000a3e00000, 0x00000000a3f00000|  0%| F|  |TAMS 0x00000000a3e00000| PB 0x00000000a3e00000| Untracked 
|  33|0x00000000a3f00000, 0x00000000a4000000, 0x00000000a4000000|100%| O|  |TAMS 0x00000000a3f00000| PB 0x00000000a3f00000| Untracked 
|  34|0x00000000a4000000, 0x00000000a4100000, 0x00000000a4100000|100%| O|  |TAMS 0x00000000a4000000| PB 0x00000000a4000000| Untracked 
|  35|0x00000000a4100000, 0x00000000a4100000, 0x00000000a4200000|  0%| F|  |TAMS 0x00000000a4100000| PB 0x00000000a4100000| Untracked 
|  36|0x00000000a4200000, 0x00000000a42ca7a0, 0x00000000a4300000| 79%| S|CS|TAMS 0x00000000a4200000| PB 0x00000000a4200000| Complete 
|  37|0x00000000a4300000, 0x00000000a4400000, 0x00000000a4400000|100%| S|CS|TAMS 0x00000000a4300000| PB 0x00000000a4300000| Complete 
|  38|0x00000000a4400000, 0x00000000a4500000, 0x00000000a4500000|100%| S|CS|TAMS 0x00000000a4400000| PB 0x00000000a4400000| Complete 
|  39|0x00000000a4500000, 0x00000000a4500000, 0x00000000a4600000|  0%| F|  |TAMS 0x00000000a4500000| PB 0x00000000a4500000| Untracked 
|  40|0x00000000a4600000, 0x00000000a4600000, 0x00000000a4700000|  0%| F|  |TAMS 0x00000000a4600000| PB 0x00000000a4600000| Untracked 
|  41|0x00000000a4700000, 0x00000000a4700000, 0x00000000a4800000|  0%| F|  |TAMS 0x00000000a4700000| PB 0x00000000a4700000| Untracked 
|  42|0x00000000a4800000, 0x00000000a4800000, 0x00000000a4900000|  0%| F|  |TAMS 0x00000000a4800000| PB 0x00000000a4800000| Untracked 
|  43|0x00000000a4900000, 0x00000000a4900000, 0x00000000a4a00000|  0%| F|  |TAMS 0x00000000a4900000| PB 0x00000000a4900000| Untracked 
|  44|0x00000000a4a00000, 0x00000000a4a00000, 0x00000000a4b00000|  0%| F|  |TAMS 0x00000000a4a00000| PB 0x00000000a4a00000| Untracked 
|  45|0x00000000a4b00000, 0x00000000a4b00000, 0x00000000a4c00000|  0%| F|  |TAMS 0x00000000a4b00000| PB 0x00000000a4b00000| Untracked 
|  46|0x00000000a4c00000, 0x00000000a4c00000, 0x00000000a4d00000|  0%| F|  |TAMS 0x00000000a4c00000| PB 0x00000000a4c00000| Untracked 
|  47|0x00000000a4d00000, 0x00000000a4d00000, 0x00000000a4e00000|  0%| F|  |TAMS 0x00000000a4d00000| PB 0x00000000a4d00000| Untracked 
|  48|0x00000000a4e00000, 0x00000000a4f00000, 0x00000000a4f00000|100%| E|  |TAMS 0x00000000a4e00000| PB 0x00000000a4e00000| Complete 
|  49|0x00000000a4f00000, 0x00000000a5000000, 0x00000000a5000000|100%| E|CS|TAMS 0x00000000a4f00000| PB 0x00000000a4f00000| Complete 
|  50|0x00000000a5000000, 0x00000000a5100000, 0x00000000a5100000|100%| E|CS|TAMS 0x00000000a5000000| PB 0x00000000a5000000| Complete 
|  51|0x00000000a5100000, 0x00000000a5200000, 0x00000000a5200000|100%| E|CS|TAMS 0x00000000a5100000| PB 0x00000000a5100000| Complete 
|  52|0x00000000a5200000, 0x00000000a5300000, 0x00000000a5300000|100%| E|CS|TAMS 0x00000000a5200000| PB 0x00000000a5200000| Complete 
|  53|0x00000000a5300000, 0x00000000a5400000, 0x00000000a5400000|100%| E|CS|TAMS 0x00000000a5300000| PB 0x00000000a5300000| Complete 
|  54|0x00000000a5400000, 0x00000000a5500000, 0x00000000a5500000|100%| E|CS|TAMS 0x00000000a5400000| PB 0x00000000a5400000| Complete 
|  55|0x00000000a5500000, 0x00000000a5600000, 0x00000000a5600000|100%| E|CS|TAMS 0x00000000a5500000| PB 0x00000000a5500000| Complete 
|  56|0x00000000a5600000, 0x00000000a5700000, 0x00000000a5700000|100%| E|CS|TAMS 0x00000000a5600000| PB 0x00000000a5600000| Complete 
|  57|0x00000000a5700000, 0x00000000a5800000, 0x00000000a5800000|100%| E|CS|TAMS 0x00000000a5700000| PB 0x00000000a5700000| Complete 
|  58|0x00000000a5800000, 0x00000000a5900000, 0x00000000a5900000|100%| E|CS|TAMS 0x00000000a5800000| PB 0x00000000a5800000| Complete 
|  59|0x00000000a5900000, 0x00000000a5a00000, 0x00000000a5a00000|100%| E|CS|TAMS 0x00000000a5900000| PB 0x00000000a5900000| Complete 
|  60|0x00000000a5a00000, 0x00000000a5b00000, 0x00000000a5b00000|100%| E|CS|TAMS 0x00000000a5a00000| PB 0x00000000a5a00000| Complete 
|  61|0x00000000a5b00000, 0x00000000a5c00000, 0x00000000a5c00000|100%| E|CS|TAMS 0x00000000a5b00000| PB 0x00000000a5b00000| Complete 
|  62|0x00000000a5c00000, 0x00000000a5d00000, 0x00000000a5d00000|100%| E|CS|TAMS 0x00000000a5c00000| PB 0x00000000a5c00000| Complete 
|  63|0x00000000a5d00000, 0x00000000a5e00000, 0x00000000a5e00000|100%| E|CS|TAMS 0x00000000a5d00000| PB 0x00000000a5d00000| Complete 
|  64|0x00000000a5e00000, 0x00000000a5f00000, 0x00000000a5f00000|100%| E|CS|TAMS 0x00000000a5e00000| PB 0x00000000a5e00000| Complete 
|  65|0x00000000a5f00000, 0x00000000a6000000, 0x00000000a6000000|100%| E|CS|TAMS 0x00000000a5f00000| PB 0x00000000a5f00000| Complete 
|  66|0x00000000a6000000, 0x00000000a6100000, 0x00000000a6100000|100%| E|CS|TAMS 0x00000000a6000000| PB 0x00000000a6000000| Complete 
|  94|0x00000000a7c00000, 0x00000000a7d00000, 0x00000000a7d00000|100%| E|CS|TAMS 0x00000000a7c00000| PB 0x00000000a7c00000| Complete 
|  95|0x00000000a7d00000, 0x00000000a7e00000, 0x00000000a7e00000|100%| E|CS|TAMS 0x00000000a7d00000| PB 0x00000000a7d00000| Complete 

Card table byte_map: [0x000001d372f20000,0x000001d373220000] _byte_map_base: 0x000001d372a11000

Marking Bits: (CMBitMap*) 0x000001d3595add80
 Bits: [0x000001d373220000, 0x000001d3749a8000)

Polling page: 0x000001d3594a0000

Metaspace:

Usage:
  Non-class:     62.73 MB used.
      Class:      9.89 MB used.
       Both:     72.62 MB used.

Virtual space:
  Non-class space:       64.00 MB reserved,      63.12 MB ( 99%) committed,  1 nodes.
      Class space:        1.00 GB reserved,      10.25 MB (  1%) committed,  1 nodes.
             Both:        1.06 GB reserved,      73.38 MB (  7%) committed. 

Chunk freelists:
   Non-Class:  496.00 KB
       Class:  5.67 MB
        Both:  6.16 MB

MaxMetaspaceSize: unlimited
CompressedClassSpaceSize: 1.00 GB
Initial GC threshold: 21.00 MB
Current GC threshold: 98.75 MB
CDS: on
 - commit_granule_bytes: 65536.
 - commit_granule_words: 8192.
 - virtual_space_node_default_size: 8388608.
 - enlarge_chunks_in_place: 1.
 - use_allocation_guard: 0.


Internal statistics:

num_allocs_failed_limit: 9.
num_arena_births: 1044.
num_arena_deaths: 0.
num_vsnodes_births: 2.
num_vsnodes_deaths: 0.
num_space_committed: 1174.
num_space_uncommitted: 0.
num_chunks_returned_to_freelist: 9.
num_chunks_taken_from_freelist: 3784.
num_chunk_merges: 9.
num_chunk_splits: 2665.
num_chunks_enlarged: 2006.
num_inconsistent_stats: 0.

CodeHeap 'non-profiled nmethods': size=120000Kb used=4063Kb max_used=4063Kb free=115937Kb
 bounds [0x000001d36ac90000, 0x000001d36b090000, 0x000001d3721c0000]
CodeHeap 'profiled nmethods': size=120000Kb used=12677Kb max_used=12677Kb free=107322Kb
 bounds [0x000001d3631c0000, 0x000001d363e30000, 0x000001d36a6f0000]
CodeHeap 'non-nmethods': size=5760Kb used=1734Kb max_used=1820Kb free=4026Kb
 bounds [0x000001d36a6f0000, 0x000001d36a960000, 0x000001d36ac90000]
 total_blobs=7320 nmethods=6571 adapters=652
 compilation: enabled
              stopped_count=0, restarted_count=0
 full_count=0

Compilation events (20 events):
Event: 15.578 Thread 0x000001d37748b230 nmethod 7195 0x000001d363e1f810 code [0x000001d363e1fa60, 0x000001d363e206e8]
Event: 15.578 Thread 0x000001d37748b230 7196       3       java.lang.CompoundEnumeration::<init> (10 bytes)
Event: 15.579 Thread 0x000001d37748b230 nmethod 7196 0x000001d363e20a10 code [0x000001d363e20ba0, 0x000001d363e20d58]
Event: 15.597 Thread 0x000001d37748b230 7199   !   3       java.io.FileInputStream::read (32 bytes)
Event: 15.598 Thread 0x000001d37748b230 nmethod 7199 0x000001d363e20e10 code [0x000001d363e20fe0, 0x000001d363e21208]
Event: 15.677 Thread 0x000001d377488380 nmethod 6814 0x000001d36b06b190 code [0x000001d36b06ba00, 0x000001d36b0732b0]
Event: 15.678 Thread 0x000001d377488380 6581       4       java.lang.Class::privateGetDeclaredMethods (64 bytes)
Event: 15.688 Thread 0x000001d37c4e5a30 nmethod 6815 0x000001d36b078690 code [0x000001d36b078ee0, 0x000001d36b0800b0]
Event: 15.690 Thread 0x000001d37c4e5a30 6988       4       org.springframework.core.ResolvableType::isArray (59 bytes)
Event: 15.691 Thread 0x000001d377488380 nmethod 6581 0x000001d36b085190 code [0x000001d36b085380, 0x000001d36b085ac8]
Event: 15.691 Thread 0x000001d377488380 7197       4       java.util.stream.AbstractPipeline::wrapAndCopyInto (18 bytes)
Event: 15.699 Thread 0x000001d377488380 nmethod 7197 0x000001d36b085f10 code [0x000001d36b086120, 0x000001d36b0865f0]
Event: 15.699 Thread 0x000001d377488380 7198       4       java.util.stream.AbstractPipeline::copyInto (54 bytes)
Event: 15.705 Thread 0x000001d377488380 nmethod 7198 0x000001d36b086c10 code [0x000001d36b086e00, 0x000001d36b0871a8]
Event: 15.705 Thread 0x000001d377488380 6966       4       org.springframework.beans.factory.config.BeanPostProcessor::postProcessAfterInitialization (2 bytes)
Event: 15.705 Thread 0x000001d377488380 nmethod 6966 0x000001d36b087610 code [0x000001d36b087780, 0x000001d36b087808]
Event: 16.377 Thread 0x000001d37748b230 7200       3       java.util.concurrent.ScheduledThreadPoolExecutor$ScheduledFutureTask::getDelay (16 bytes)
Event: 16.378 Thread 0x000001d377488380 7201       4       java.lang.Thread::interrupted (7 bytes)
Event: 16.378 Thread 0x000001d37748b230 nmethod 7200 0x000001d363e21390 code [0x000001d363e21540, 0x000001d363e216d8]
Event: 16.379 Thread 0x000001d377488380 nmethod 7201 0x000001d36b087910 code [0x000001d36b087a80, 0x000001d36b087b18]

GC Heap History (20 events):
Event: 4.093 GC heap before
{Heap before GC invocations=2 (full 0):
 garbage-first heap   total 98304K, used 46625K [0x00000000a1e00000, 0x0000000100000000)
  region size 1024K, 39 young (39936K), 3 survivors (3072K)
 Metaspace       used 21191K, committed 21504K, reserved 1114112K
  class space    used 2730K, committed 2880K, reserved 1048576K
}
Event: 4.103 GC heap after
{Heap after GC invocations=3 (full 0):
 garbage-first heap   total 98304K, used 13906K [0x00000000a1e00000, 0x0000000100000000)
  region size 1024K, 5 young (5120K), 5 survivors (5120K)
 Metaspace       used 21191K, committed 21504K, reserved 1114112K
  class space    used 2730K, committed 2880K, reserved 1048576K
}
Event: 5.326 GC heap before
{Heap before GC invocations=4 (full 0):
 garbage-first heap   total 58368K, used 42578K [0x00000000a1e00000, 0x0000000100000000)
  region size 1024K, 34 young (34816K), 5 survivors (5120K)
 Metaspace       used 24815K, committed 25216K, reserved 1114112K
  class space    used 3185K, committed 3392K, reserved 1048576K
}
Event: 5.341 GC heap after
{Heap after GC invocations=5 (full 0):
 garbage-first heap   total 58368K, used 17155K [0x00000000a1e00000, 0x0000000100000000)
  region size 1024K, 5 young (5120K), 5 survivors (5120K)
 Metaspace       used 24815K, committed 25216K, reserved 1114112K
  class space    used 3185K, committed 3392K, reserved 1048576K
}
Event: 6.328 GC heap before
{Heap before GC invocations=5 (full 0):
 garbage-first heap   total 58368K, used 42755K [0x00000000a1e00000, 0x0000000100000000)
  region size 1024K, 30 young (30720K), 5 survivors (5120K)
 Metaspace       used 28323K, committed 28736K, reserved 1114112K
  class space    used 3658K, committed 3840K, reserved 1048576K
}
Event: 6.350 GC heap after
{Heap after GC invocations=6 (full 0):
 garbage-first heap   total 58368K, used 19205K [0x00000000a1e00000, 0x0000000100000000)
  region size 1024K, 2 young (2048K), 2 survivors (2048K)
 Metaspace       used 28323K, committed 28736K, reserved 1114112K
  class space    used 3658K, committed 3840K, reserved 1048576K
}
Event: 7.585 GC heap before
{Heap before GC invocations=6 (full 0):
 garbage-first heap   total 58368K, used 45829K [0x00000000a1e00000, 0x0000000100000000)
  region size 1024K, 28 young (28672K), 2 survivors (2048K)
 Metaspace       used 33888K, committed 34368K, reserved 1114112K
  class space    used 4443K, committed 4672K, reserved 1048576K
}
Event: 7.603 GC heap after
{Heap after GC invocations=7 (full 0):
 garbage-first heap   total 58368K, used 21909K [0x00000000a1e00000, 0x0000000100000000)
  region size 1024K, 4 young (4096K), 4 survivors (4096K)
 Metaspace       used 33888K, committed 34368K, reserved 1114112K
  class space    used 4443K, committed 4672K, reserved 1048576K
}
Event: 7.868 GC heap before
{Heap before GC invocations=7 (full 0):
 garbage-first heap   total 58368K, used 28053K [0x00000000a1e00000, 0x0000000100000000)
  region size 1024K, 11 young (11264K), 4 survivors (4096K)
 Metaspace       used 35656K, committed 36096K, reserved 1114112K
  class space    used 4710K, committed 4928K, reserved 1048576K
}
Event: 7.877 GC heap after
{Heap after GC invocations=8 (full 0):
 garbage-first heap   total 70656K, used 22726K [0x00000000a1e00000, 0x0000000100000000)
  region size 1024K, 1 young (1024K), 1 survivors (1024K)
 Metaspace       used 35656K, committed 36096K, reserved 1114112K
  class space    used 4710K, committed 4928K, reserved 1048576K
}
Event: 9.664 GC heap before
{Heap before GC invocations=9 (full 0):
 garbage-first heap   total 70656K, used 59590K [0x00000000a1e00000, 0x0000000100000000)
  region size 1024K, 37 young (37888K), 1 survivors (1024K)
 Metaspace       used 49222K, committed 49728K, reserved 1114112K
  class space    used 6493K, committed 6720K, reserved 1048576K
}
Event: 9.672 GC heap after
{Heap after GC invocations=10 (full 0):
 garbage-first heap   total 70656K, used 25580K [0x00000000a1e00000, 0x0000000100000000)
  region size 1024K, 4 young (4096K), 4 survivors (4096K)
 Metaspace       used 49222K, committed 49728K, reserved 1114112K
  class space    used 6493K, committed 6720K, reserved 1048576K
}
Event: 10.752 GC heap before
{Heap before GC invocations=10 (full 0):
 garbage-first heap   total 70656K, used 59372K [0x00000000a1e00000, 0x0000000100000000)
  region size 1024K, 37 young (37888K), 4 survivors (4096K)
 Metaspace       used 58315K, committed 58944K, reserved 1114112K
  class space    used 7833K, committed 8128K, reserved 1048576K
}
Event: 10.763 GC heap after
{Heap after GC invocations=11 (full 0):
 garbage-first heap   total 70656K, used 26992K [0x00000000a1e00000, 0x0000000100000000)
  region size 1024K, 2 young (2048K), 2 survivors (2048K)
 Metaspace       used 58315K, committed 58944K, reserved 1114112K
  class space    used 7833K, committed 8128K, reserved 1048576K
}
Event: 11.067 GC heap before
{Heap before GC invocations=11 (full 0):
 garbage-first heap   total 70656K, used 39280K [0x00000000a1e00000, 0x0000000100000000)
  region size 1024K, 15 young (15360K), 2 survivors (2048K)
 Metaspace       used 59822K, committed 60416K, reserved 1114112K
  class space    used 8023K, committed 8320K, reserved 1048576K
}
Event: 11.072 GC heap after
{Heap after GC invocations=12 (full 0):
 garbage-first heap   total 70656K, used 27201K [0x00000000a1e00000, 0x0000000100000000)
  region size 1024K, 3 young (3072K), 3 survivors (3072K)
 Metaspace       used 59822K, committed 60416K, reserved 1114112K
  class space    used 8023K, committed 8320K, reserved 1048576K
}
Event: 12.363 GC heap before
{Heap before GC invocations=13 (full 0):
 garbage-first heap   total 70656K, used 60993K [0x00000000a1e00000, 0x0000000100000000)
  region size 1024K, 36 young (36864K), 3 survivors (3072K)
 Metaspace       used 67121K, committed 67776K, reserved 1114112K
  class space    used 9087K, committed 9344K, reserved 1048576K
}
Event: 12.376 GC heap after
{Heap after GC invocations=14 (full 0):
 garbage-first heap   total 70656K, used 29860K [0x00000000a1e00000, 0x0000000100000000)
  region size 1024K, 5 young (5120K), 5 survivors (5120K)
 Metaspace       used 67121K, committed 67776K, reserved 1114112K
  class space    used 9087K, committed 9344K, reserved 1048576K
}
Event: 13.373 GC heap before
{Heap before GC invocations=14 (full 0):
 garbage-first heap   total 70656K, used 60580K [0x00000000a1e00000, 0x0000000100000000)
  region size 1024K, 35 young (35840K), 5 survivors (5120K)
 Metaspace       used 70757K, committed 71424K, reserved 1114112K
  class space    used 9587K, committed 9856K, reserved 1048576K
}
Event: 13.392 GC heap after
{Heap after GC invocations=15 (full 0):
 garbage-first heap   total 70656K, used 32553K [0x00000000a1e00000, 0x0000000100000000)
  region size 1024K, 3 young (3072K), 3 survivors (3072K)
 Metaspace       used 70757K, committed 71424K, reserved 1114112K
  class space    used 9587K, committed 9856K, reserved 1048576K
}

Dll operation events (11 events):
Event: 0.020 Loaded shared library C:\Program Files\Java\jdk-21\bin\java.dll
Event: 0.081 Loaded shared library C:\Program Files\Java\jdk-21\bin\jsvml.dll
Event: 0.129 Loaded shared library C:\Program Files\Java\jdk-21\bin\net.dll
Event: 0.133 Loaded shared library C:\Program Files\Java\jdk-21\bin\nio.dll
Event: 0.140 Loaded shared library C:\Program Files\Java\jdk-21\bin\zip.dll
Event: 0.248 Loaded shared library C:\Program Files\Java\jdk-21\bin\management.dll
Event: 0.261 Loaded shared library C:\Program Files\Java\jdk-21\bin\management_ext.dll
Event: 0.298 Loaded shared library C:\Program Files\Java\jdk-21\bin\jimage.dll
Event: 4.469 Loaded shared library C:\Program Files\Java\jdk-21\bin\sunmscapi.dll
Event: 7.968 Loaded shared library C:\Program Files\Java\jdk-21\bin\verify.dll
Event: 8.574 Loaded shared library C:\Program Files\Java\jdk-21\bin\extnet.dll

Deoptimization events (20 events):
Event: 14.149 Thread 0x000001d3592c32d0 Uncommon trap: trap_request=0xffffffde fr.pc=0x000001d36ad4c390 relative=0x0000000000000910
Event: 14.149 Thread 0x000001d3592c32d0 Uncommon trap: reason=class_check action=maybe_recompile pc=0x000001d36ad4c390 method=org.springframework.core.annotation.AnnotationsScanner.isWithoutHierarchy(Ljava/lang/reflect/AnnotatedElement;Ljava/util/function/Predicate;)Z @ 45 c2
Event: 14.149 Thread 0x000001d3592c32d0 DEOPT PACKING pc=0x000001d36ad4c390 sp=0x000000c91b8fcf60
Event: 14.149 Thread 0x000001d3592c32d0 DEOPT UNPACKING pc=0x000001d36a7446a2 sp=0x000000c91b8fce18 mode 2
Event: 14.149 Thread 0x000001d3592c32d0 Uncommon trap: trap_request=0xffffffde fr.pc=0x000001d36ad48220 relative=0x00000000000013a0
Event: 14.149 Thread 0x000001d3592c32d0 Uncommon trap: reason=class_check action=maybe_recompile pc=0x000001d36ad48220 method=org.springframework.core.annotation.AnnotationsScanner.processClassHierarchy(Ljava/lang/Object;[ILjava/lang/Class;Lorg/springframework/core/annotation/AnnotationsProcess
Event: 14.149 Thread 0x000001d3592c32d0 DEOPT PACKING pc=0x000001d36ad48220 sp=0x000000c91b8fcea0
Event: 14.149 Thread 0x000001d3592c32d0 DEOPT UNPACKING pc=0x000001d36a7446a2 sp=0x000000c91b8fce90 mode 2
Event: 14.151 Thread 0x000001d3592c32d0 Uncommon trap: trap_request=0xffffffde fr.pc=0x000001d36ad4c390 relative=0x0000000000000910
Event: 14.151 Thread 0x000001d3592c32d0 Uncommon trap: reason=class_check action=maybe_recompile pc=0x000001d36ad4c390 method=org.springframework.core.annotation.AnnotationsScanner.isWithoutHierarchy(Ljava/lang/reflect/AnnotatedElement;Ljava/util/function/Predicate;)Z @ 45 c2
Event: 14.151 Thread 0x000001d3592c32d0 DEOPT PACKING pc=0x000001d36ad4c390 sp=0x000000c91b8fcec0
Event: 14.151 Thread 0x000001d3592c32d0 DEOPT UNPACKING pc=0x000001d36a7446a2 sp=0x000000c91b8fcd78 mode 2
Event: 14.151 Thread 0x000001d3592c32d0 Uncommon trap: trap_request=0xffffffde fr.pc=0x000001d36ad48220 relative=0x00000000000013a0
Event: 14.151 Thread 0x000001d3592c32d0 Uncommon trap: reason=class_check action=maybe_recompile pc=0x000001d36ad48220 method=org.springframework.core.annotation.AnnotationsScanner.processClassHierarchy(Ljava/lang/Object;[ILjava/lang/Class;Lorg/springframework/core/annotation/AnnotationsProcess
Event: 14.151 Thread 0x000001d3592c32d0 DEOPT PACKING pc=0x000001d36ad48220 sp=0x000000c91b8fce00
Event: 14.151 Thread 0x000001d3592c32d0 DEOPT UNPACKING pc=0x000001d36a7446a2 sp=0x000000c91b8fcdf0 mode 2
Event: 14.194 Thread 0x000001d3592c32d0 Uncommon trap: trap_request=0xffffff45 fr.pc=0x000001d36afb83e8 relative=0x0000000000000688
Event: 14.194 Thread 0x000001d3592c32d0 Uncommon trap: reason=unstable_if action=reinterpret pc=0x000001d36afb83e8 method=java.lang.reflect.Method.isCallerSensitive()Z @ 14 c2
Event: 14.194 Thread 0x000001d3592c32d0 DEOPT PACKING pc=0x000001d36afb83e8 sp=0x000000c91b8f9740
Event: 14.194 Thread 0x000001d3592c32d0 DEOPT UNPACKING pc=0x000001d36a7446a2 sp=0x000000c91b8f9708 mode 2

Classes loaded (20 events):
Event: 14.197 Loading class java/lang/ProcessHandle$Info
Event: 14.197 Loading class java/lang/ProcessHandle$Info done
Event: 14.216 Loading class java/util/jar/JarInputStream
Event: 14.217 Loading class java/util/zip/ZipInputStream
Event: 14.218 Loading class java/util/zip/ZipInputStream done
Event: 14.218 Loading class java/util/jar/JarInputStream done
Event: 14.218 Loading class java/io/PushbackInputStream
Event: 14.218 Loading class java/io/PushbackInputStream done
Event: 14.219 Loading class sun/security/util/ManifestEntryVerifier
Event: 14.219 Loading class sun/security/util/ManifestEntryVerifier done
Event: 14.224 Loading class java/lang/ProcessBuilder
Event: 14.224 Loading class java/lang/ProcessBuilder done
Event: 14.225 Loading class java/lang/ProcessImpl
Event: 14.225 Loading class java/lang/ProcessImpl done
Event: 14.236 Loading class java/lang/ProcessImpl$2
Event: 14.236 Loading class java/lang/ProcessImpl$2 done
Event: 14.236 Loading class java/lang/Process$PipeInputStream
Event: 14.237 Loading class java/lang/Process$PipeInputStream done
Event: 14.237 Loading class jdk/internal/event/ProcessStartEvent
Event: 14.237 Loading class jdk/internal/event/ProcessStartEvent done

Classes unloaded (0 events):
No events

Classes redefined (0 events):
No events

Internal exceptions (20 events):
Event: 12.075 Thread 0x000001d3592c32d0 Exception <a 'java/lang/IncompatibleClassChangeError'{0x00000000a4551fb8}: Found class java.lang.Object, but interface was expected> (0x00000000a4551fb8) 
thrown [s\open\src\hotspot\share\interpreter\linkResolver.cpp, line 840]
Event: 12.270 Thread 0x000001d3592c32d0 Exception <a 'java/lang/IncompatibleClassChangeError'{0x00000000a40318b0}: Found class java.lang.Object, but interface was expected> (0x00000000a40318b0) 
thrown [s\open\src\hotspot\share\interpreter\linkResolver.cpp, line 840]
Event: 12.271 Thread 0x000001d3592c32d0 Exception <a 'java/lang/IncompatibleClassChangeError'{0x00000000a4037370}: Found class java.lang.Object, but interface was expected> (0x00000000a4037370) 
thrown [s\open\src\hotspot\share\interpreter\linkResolver.cpp, line 840]
Event: 12.634 Thread 0x000001d3592c32d0 Exception <a 'java/io/FileNotFoundException'{0x00000000a5844bb0}> (0x00000000a5844bb0) 
thrown [s\open\src\hotspot\share\prims\jni.cpp, line 520]
Event: 12.636 Thread 0x000001d3592c32d0 Exception <a 'java/io/FileNotFoundException'{0x00000000a584fcb0}> (0x00000000a584fcb0) 
thrown [s\open\src\hotspot\share\prims\jni.cpp, line 520]
Event: 12.789 Thread 0x000001d3592c32d0 Exception <a 'java/lang/NoSuchMethodError'{0x00000000a55f8420}: 'java.lang.Object java.lang.invoke.DirectMethodHandle$Holder.newInvokeSpecial(java.lang.Object, java.lang.Object, java.lang.Object, java.lang.Object, java.lang.Object, java.lang.Object, java.lang.Object, java.lang.Object)'> (0x00000000a55f8420) 
thrown [s\open\src\hotspot\share\interpreter\linkResolver.cpp, line 773]
Event: 13.223 Thread 0x000001d3592c32d0 Exception <a 'java/lang/IncompatibleClassChangeError'{0x00000000a49499a0}: Found class java.lang.Object, but interface was expected> (0x00000000a49499a0) 
thrown [s\open\src\hotspot\share\interpreter\linkResolver.cpp, line 840]
Event: 13.606 Thread 0x000001d3592c32d0 Exception <a 'java/lang/NoSuchMethodError'{0x00000000a5da9e30}: 'java.lang.Object java.lang.invoke.DirectMethodHandle$Holder.invokeVirtual(java.lang.Object, java.lang.Object, java.lang.Object, java.lang.Object, java.lang.Object, java.lang.Object)'> (0x00000000a5da9e30) 
thrown [s\open\src\hotspot\share\interpreter\linkResolver.cpp, line 773]
Event: 13.625 Thread 0x000001d3592c32d0 Exception <a 'java/lang/NoSuchMethodError'{0x00000000a5c090c8}: 'void java.lang.invoke.DirectMethodHandle$Holder.invokeInterface(java.lang.Object, java.lang.Object, int)'> (0x00000000a5c090c8) 
thrown [s\open\src\hotspot\share\interpreter\linkResolver.cpp, line 773]
Event: 13.631 Thread 0x000001d3592c32d0 Exception <a 'java/lang/IncompatibleClassChangeError'{0x00000000a5c48230}: Found class java.lang.Object, but interface was expected> (0x00000000a5c48230) 
thrown [s\open\src\hotspot\share\interpreter\linkResolver.cpp, line 840]
Event: 13.633 Thread 0x000001d3592c32d0 Exception <a 'java/lang/NoSuchMethodError'{0x00000000a5c561c8}: 'int java.lang.invoke.DirectMethodHandle$Holder.invokeSpecialIFC(java.lang.Object, java.lang.Object, java.lang.Object)'> (0x00000000a5c561c8) 
thrown [s\open\src\hotspot\share\interpreter\linkResolver.cpp, line 773]
Event: 13.635 Thread 0x000001d3592c32d0 Exception <a 'java/lang/NoSuchMethodError'{0x00000000a5c6ad58}: 'void java.lang.invoke.DirectMethodHandle$Holder.invokeStatic(java.lang.Object, int, java.lang.Object)'> (0x00000000a5c6ad58) 
thrown [s\open\src\hotspot\share\interpreter\linkResolver.cpp, line 773]
Event: 13.840 Thread 0x000001d3592c32d0 Exception <a 'java/lang/NoSuchMethodError'{0x00000000a578e1f0}: 'int java.lang.invoke.DirectMethodHandle$Holder.invokeStaticInit(java.lang.Object, java.lang.Object, java.lang.Object, java.lang.Object)'> (0x00000000a578e1f0) 
thrown [s\open\src\hotspot\share\interpreter\linkResolver.cpp, line 773]
Event: 13.925 Thread 0x000001d3592c32d0 Exception <a 'java/lang/IncompatibleClassChangeError'{0x00000000a556fee0}: Found class java.lang.Object, but interface was expected> (0x00000000a556fee0) 
thrown [s\open\src\hotspot\share\interpreter\linkResolver.cpp, line 840]
Event: 13.944 Thread 0x000001d3592c32d0 Implicit null exception at 0x000001d36ae33742 to 0x000001d36ae337b8
Event: 13.988 Thread 0x000001d3592c32d0 Exception <a 'java/lang/NoSuchMethodError'{0x00000000a54ced08}: 'java.lang.Object java.lang.invoke.Invokers$Holder.invoke_MT(java.lang.Object, java.lang.Object, java.lang.Object, java.lang.Object, java.lang.Object, java.lang.Object, java.lang.Object, java.lang.Object, java.lang.Object, java.lang.Object, java.lang.Object)'> (0x00000000a54ced08) 
thrown [s\open\src\hotspot\share\interpreter\linkResolver.cpp, line 773]
Event: 14.087 Thread 0x000001d3592c32d0 Exception <a 'java/lang/NoSuchMethodError'{0x00000000a51c2b60}: 'java.lang.Object java.lang.invoke.DirectMethodHandle$Holder.newInvokeSpecial(java.lang.Object, java.lang.Object, int, java.lang.Object, java.lang.Object)'> (0x00000000a51c2b60) 
thrown [s\open\src\hotspot\share\interpreter\linkResolver.cpp, line 773]
Event: 14.195 Thread 0x000001d3592c32d0 Exception <a 'java/lang/NoSuchMethodError'{0x00000000a4fcb6e8}: method resolution failed> (0x00000000a4fcb6e8) 
thrown [s\open\src\hotspot\share\prims\methodHandles.cpp, line 1144]
Event: 14.206 Thread 0x000001d3592c32d0 Exception <a 'java/lang/NoSuchMethodError'{0x00000000a4ffbb80}: 'long java.lang.invoke.DelegatingMethodHandle$Holder.reinvoke_L(java.lang.Object, java.lang.Object)'> (0x00000000a4ffbb80) 
thrown [s\open\src\hotspot\share\interpreter\linkResolver.cpp, line 773]
Event: 14.234 Thread 0x000001d3592c32d0 Exception <a 'java/lang/NoSuchMethodError'{0x00000000a4e241c8}: 'void java.lang.invoke.DirectMethodHandle$Holder.invokeStatic(java.lang.Object, long)'> (0x00000000a4e241c8) 
thrown [s\open\src\hotspot\share\interpreter\linkResolver.cpp, line 773]

ZGC Phase Switch (0 events):
No events

VM Operations (20 events):
Event: 12.917 Executing VM operation: HandshakeAllThreads (Deoptimize)
Event: 12.917 Executing VM operation: HandshakeAllThreads (Deoptimize) done
Event: 12.978 Executing VM operation: HandshakeAllThreads (Deoptimize)
Event: 12.978 Executing VM operation: HandshakeAllThreads (Deoptimize) done
Event: 12.980 Executing VM operation: HandshakeAllThreads (Deoptimize)
Event: 12.980 Executing VM operation: HandshakeAllThreads (Deoptimize) done
Event: 13.077 Executing VM operation: ICBufferFull
Event: 13.078 Executing VM operation: ICBufferFull done
Event: 13.236 Executing VM operation: HandshakeAllThreads (Deoptimize)
Event: 13.236 Executing VM operation: HandshakeAllThreads (Deoptimize) done
Event: 13.259 Executing VM operation: HandshakeAllThreads (Deoptimize)
Event: 13.259 Executing VM operation: HandshakeAllThreads (Deoptimize) done
Event: 13.373 Executing VM operation: G1CollectForAllocation (G1 Evacuation Pause)
Event: 13.393 Executing VM operation: G1CollectForAllocation (G1 Evacuation Pause) done
Event: 13.795 Executing VM operation: HandshakeAllThreads (Deoptimize)
Event: 13.795 Executing VM operation: HandshakeAllThreads (Deoptimize) done
Event: 14.809 Executing VM operation: Cleanup
Event: 14.809 Executing VM operation: Cleanup done
Event: 15.822 Executing VM operation: Cleanup
Event: 15.822 Executing VM operation: Cleanup done

Events (20 events):
Event: 11.107 Thread 0x000001d377461350 flushing nmethod 0x000001d36388ba90
Event: 11.107 Thread 0x000001d377461350 flushing nmethod 0x000001d3638a6b10
Event: 11.107 Thread 0x000001d377461350 flushing nmethod 0x000001d3638a7c10
Event: 11.107 Thread 0x000001d377461350 flushing nmethod 0x000001d3638b4810
Event: 11.107 Thread 0x000001d377461350 flushing nmethod 0x000001d3638da710
Event: 11.107 Thread 0x000001d377461350 flushing nmethod 0x000001d3638ddc90
Event: 11.107 Thread 0x000001d377461350 flushing nmethod 0x000001d363914d10
Event: 11.107 Thread 0x000001d377461350 flushing nmethod 0x000001d363937990
Event: 11.107 Thread 0x000001d377461350 flushing nmethod 0x000001d36396d590
Event: 11.107 Thread 0x000001d377461350 flushing nmethod 0x000001d363992390
Event: 11.107 Thread 0x000001d377461350 flushing nmethod 0x000001d3639bdd90
Event: 11.107 Thread 0x000001d377461350 flushing nmethod 0x000001d3639ebd90
Event: 11.107 Thread 0x000001d377461350 flushing nmethod 0x000001d3639ecd90
Event: 11.107 Thread 0x000001d377461350 flushing nmethod 0x000001d363a38190
Event: 11.107 Thread 0x000001d377461350 flushing nmethod 0x000001d363a53610
Event: 11.107 Thread 0x000001d377461350 flushing nmethod 0x000001d363a53f10
Event: 11.107 Thread 0x000001d377461350 flushing nmethod 0x000001d363aa8e10
Event: 11.107 Thread 0x000001d377461350 flushing nmethod 0x000001d363aa9890
Event: 11.107 Thread 0x000001d377461350 flushing nmethod 0x000001d363abf090
Event: 15.368 Thread 0x000001d37d789780 Thread exited: 0x000001d37d789780


Dynamic libraries:
0x00007ff73cae0000 - 0x00007ff73caf0000 	C:\Program Files\Java\jdk-21\bin\java.exe
0x00007fff265e0000 - 0x00007fff26847000 	C:\WINDOWS\SYSTEM32\ntdll.dll
0x00007fff252d0000 - 0x00007fff25399000 	C:\WINDOWS\System32\KERNEL32.DLL
0x00007fff23c80000 - 0x00007fff24070000 	C:\WINDOWS\System32\KERNELBASE.dll
0x00007fff23aa0000 - 0x00007fff23beb000 	C:\WINDOWS\System32\ucrtbase.dll
0x00007fff1b8f0000 - 0x00007fff1b909000 	C:\Program Files\Java\jdk-21\bin\jli.dll
0x00007fff1e5f0000 - 0x00007fff1e60b000 	C:\Program Files\Java\jdk-21\bin\VCRUNTIME140.dll
0x00007fff25210000 - 0x00007fff252c4000 	C:\WINDOWS\System32\ADVAPI32.dll
0x00007fff258e0000 - 0x00007fff25989000 	C:\WINDOWS\System32\msvcrt.dll
0x00007fff25d60000 - 0x00007fff25e06000 	C:\WINDOWS\System32\sechost.dll
0x00007fff26270000 - 0x00007fff26388000 	C:\WINDOWS\System32\RPCRT4.dll
0x00007fff260a0000 - 0x00007fff26265000 	C:\WINDOWS\System32\USER32.dll
0x00007fff0ea40000 - 0x00007fff0ecda000 	C:\WINDOWS\WinSxS\amd64_microsoft.windows.common-controls_6595b64144ccf1df_6.0.26100.4768_none_3e0c112ce331287c\COMCTL32.dll
0x00007fff23850000 - 0x00007fff23877000 	C:\WINDOWS\System32\win32u.dll
0x00007fff25990000 - 0x00007fff259bb000 	C:\WINDOWS\System32\GDI32.dll
0x00007fff23710000 - 0x00007fff23848000 	C:\WINDOWS\System32\gdi32full.dll
0x00007fff24140000 - 0x00007fff241e3000 	C:\WINDOWS\System32\msvcp_win.dll
0x00007fff1c530000 - 0x00007fff1c53b000 	C:\WINDOWS\SYSTEM32\VERSION.dll
0x00007fff25b60000 - 0x00007fff25b8f000 	C:\WINDOWS\System32\IMM32.DLL
0x00007fff1e520000 - 0x00007fff1e52c000 	C:\Program Files\Java\jdk-21\bin\vcruntime140_1.dll
0x00007ffefe180000 - 0x00007ffefe20e000 	C:\Program Files\Java\jdk-21\bin\msvcp140.dll
0x00007ffed9160000 - 0x00007ffed9e73000 	C:\Program Files\Java\jdk-21\bin\server\jvm.dll
0x00007fff257c0000 - 0x00007fff25834000 	C:\WINDOWS\System32\WS2_32.dll
0x00007fff23590000 - 0x00007fff235ee000 	C:\WINDOWS\SYSTEM32\POWRPROF.dll
0x00007fff1ab40000 - 0x00007fff1ab75000 	C:\WINDOWS\SYSTEM32\WINMM.dll
0x00007fff23570000 - 0x00007fff23584000 	C:\WINDOWS\SYSTEM32\UMPDC.dll
0x00007fff22450000 - 0x00007fff2246b000 	C:\WINDOWS\SYSTEM32\kernel.appcore.dll
0x00007fff1b570000 - 0x00007fff1b57a000 	C:\Program Files\Java\jdk-21\bin\jimage.dll
0x00007fff20e40000 - 0x00007fff21081000 	C:\WINDOWS\SYSTEM32\DBGHELP.DLL
0x00007fff25420000 - 0x00007fff257a5000 	C:\WINDOWS\System32\combase.dll
0x00007fff259c0000 - 0x00007fff25aa0000 	C:\WINDOWS\System32\OLEAUT32.dll
0x00007fff0da30000 - 0x00007fff0da73000 	C:\WINDOWS\SYSTEM32\dbgcore.DLL
0x00007fff23a00000 - 0x00007fff23a99000 	C:\WINDOWS\System32\bcryptPrimitives.dll
0x00007fff1b540000 - 0x00007fff1b55f000 	C:\Program Files\Java\jdk-21\bin\java.dll
0x00007fff24950000 - 0x00007fff2509d000 	C:\WINDOWS\System32\SHELL32.dll
0x00007fff241f0000 - 0x00007fff24363000 	C:\WINDOWS\System32\wintypes.dll
0x00007fff210b0000 - 0x00007fff21910000 	C:\WINDOWS\SYSTEM32\windows.storage.dll
0x00007fff25e10000 - 0x00007fff25f05000 	C:\WINDOWS\System32\SHCORE.dll
0x00007fff24420000 - 0x00007fff2448a000 	C:\WINDOWS\System32\shlwapi.dll
0x00007fff23630000 - 0x00007fff23659000 	C:\WINDOWS\SYSTEM32\profapi.dll
0x00007ffeedf00000 - 0x00007ffeedfd7000 	C:\Program Files\Java\jdk-21\bin\jsvml.dll
0x00007fff1b530000 - 0x00007fff1b540000 	C:\Program Files\Java\jdk-21\bin\net.dll
0x00007fff1ada0000 - 0x00007fff1aebe000 	C:\WINDOWS\SYSTEM32\WINHTTP.dll
0x00007fff229c0000 - 0x00007fff22a2b000 	C:\WINDOWS\system32\mswsock.dll
0x00007fff1b4e0000 - 0x00007fff1b4f6000 	C:\Program Files\Java\jdk-21\bin\nio.dll
0x00007fff13fd0000 - 0x00007fff13fe8000 	C:\Program Files\Java\jdk-21\bin\zip.dll
0x00007fff1a540000 - 0x00007fff1a54a000 	C:\Program Files\Java\jdk-21\bin\management.dll
0x00007fff13f00000 - 0x00007fff13f0b000 	C:\Program Files\Java\jdk-21\bin\management_ext.dll
0x00007fff25f10000 - 0x00007fff25f18000 	C:\WINDOWS\System32\PSAPI.DLL
0x00007fff13ef0000 - 0x00007fff13efe000 	C:\Program Files\Java\jdk-21\bin\sunmscapi.dll
0x00007fff23880000 - 0x00007fff239f7000 	C:\WINDOWS\System32\CRYPT32.dll
0x00007fff22f00000 - 0x00007fff22f30000 	C:\WINDOWS\SYSTEM32\ncrypt.dll
0x00007fff22eb0000 - 0x00007fff22eef000 	C:\WINDOWS\SYSTEM32\NTASN1.dll
0x00007fff22da0000 - 0x00007fff22dbb000 	C:\WINDOWS\SYSTEM32\CRYPTSP.dll
0x00007fff223b0000 - 0x00007fff223eb000 	C:\WINDOWS\system32\rsaenh.dll
0x00007fff22a60000 - 0x00007fff22a8b000 	C:\WINDOWS\SYSTEM32\USERENV.dll
0x00007fff23600000 - 0x00007fff23626000 	C:\WINDOWS\SYSTEM32\bcrypt.dll
0x00007fff22c00000 - 0x00007fff22c0c000 	C:\WINDOWS\SYSTEM32\CRYPTBASE.dll
0x00007fff21e40000 - 0x00007fff21e73000 	C:\WINDOWS\SYSTEM32\IPHLPAPI.DLL
0x00007fff25ba0000 - 0x00007fff25baa000 	C:\WINDOWS\System32\NSI.dll
0x00007fff128a0000 - 0x00007fff128b0000 	C:\Program Files\Java\jdk-21\bin\verify.dll
0x00007fff21ed0000 - 0x00007fff21ff6000 	C:\WINDOWS\SYSTEM32\DNSAPI.dll
0x00007fff14820000 - 0x00007fff1482b000 	C:\Windows\System32\rasadhlp.dll
0x00007fff171b0000 - 0x00007fff17236000 	C:\WINDOWS\System32\fwpuclnt.dll
0x00007fff1b520000 - 0x00007fff1b529000 	C:\Program Files\Java\jdk-21\bin\extnet.dll

dbghelp: loaded successfully - version: 4.0.5 - missing functions: none
symbol engine: initialized successfully - sym options: 0x614 - pdb path: .;C:\Program Files\Java\jdk-21\bin;C:\WINDOWS\SYSTEM32;C:\WINDOWS\WinSxS\amd64_microsoft.windows.common-controls_6595b64144ccf1df_6.0.26100.4768_none_3e0c112ce331287c;C:\Program Files\Java\jdk-21\bin\server

VM Arguments:
java_command: C:\Users\LENOVO T495\AppData\Local\Temp\surefire1456932182075518222\surefirebooter-20250824201113902_3.jar C:\Users\LENOVO T495\AppData\Local\Temp\surefire1456932182075518222 2025-08-24T20-11-13_522-jvmRun1 surefire-20250824201113902_1tmp surefire_0-20250824201113902_2tmp
java_class_path (initial): C:\Users\LENOVO T495\AppData\Local\Temp\surefire1456932182075518222\surefirebooter-20250824201113902_3.jar
Launcher Type: SUN_STANDARD

[Global flags]
     intx CICompilerCount                          = 4                                         {product} {ergonomic}
     uint ConcGCThreads                            = 2                                         {product} {ergonomic}
     uint G1ConcRefinementThreads                  = 8                                         {product} {ergonomic}
   size_t G1HeapRegionSize                         = 1048576                                   {product} {ergonomic}
    uintx GCDrainStackTargetSize                   = 64                                        {product} {ergonomic}
   size_t InitialHeapSize                          = 100663296                                 {product} {ergonomic}
   size_t MarkStackSize                            = 4194304                                   {product} {ergonomic}
   size_t MaxHeapSize                              = 1579155456                                {product} {ergonomic}
   size_t MaxNewSize                               = 946864128                                 {product} {ergonomic}
   size_t MinHeapDeltaBytes                        = 1048576                                   {product} {ergonomic}
   size_t MinHeapSize                              = 8388608                                   {product} {ergonomic}
    uintx NonNMethodCodeHeapSize                   = 5839372                                {pd product} {ergonomic}
    uintx NonProfiledCodeHeapSize                  = 122909434                              {pd product} {ergonomic}
    uintx ProfiledCodeHeapSize                     = 122909434                              {pd product} {ergonomic}
    uintx ReservedCodeCacheSize                    = 251658240                              {pd product} {ergonomic}
     bool SegmentedCodeCache                       = true                                      {product} {ergonomic}
   size_t SoftMaxHeapSize                          = 1579155456                             {manageable} {ergonomic}
     bool UseCompressedOops                        = true                           {product lp64_product} {ergonomic}
     bool UseG1GC                                  = true                                      {product} {ergonomic}
     bool UseLargePagesIndividualAllocation        = false                                  {pd product} {ergonomic}

Logging:
Log output configuration:
 #0: stdout all=warning uptime,level,tags foldmultilines=false
 #1: stderr all=off uptime,level,tags foldmultilines=false

Environment Variables:
PATH=C:\Program Files\Common Files\Oracle\Java\javapath;C:\WINDOWS\system32;C:\WINDOWS;C:\WINDOWS\System32\Wbem;C:\WINDOWS\System32\WindowsPowerShell\v1.0\;C:\WINDOWS\System32\OpenSSH\;C:\Program Files (x86)\Windows Kits\10\Windows Performance Toolkit\;C:\Program Files\dotnet\;C:\Program Files\Git\cmd;C:\Program Files\Git\mingw64\bin;C:\Program Files\Git\usr\bin;C:\Program Files\Docker\Docker\resources\bin;C:\Windows\SysWow64;C:\Program Files\nodejs\node_modules\;C:\Users\LENOVO T495\AppData\Local\Programs\Python\Launcher\;C:\Program Files\MySQL\MySQL Shell 8.0\bin\;C:\Users\LENOVO T495\AppData\Local\Microsoft\WindowsApps;C:\Users\LENOVO T495\AppData\Local\Programs\Microsoft VS Code\bin;;D:\IntelliJ IDEA 2024.3.5\bin;;D:\Cursor\cursor\resources\app\bin;C:\Users\LENOVO T495\AppData\Roaming\npm;E:\Windsurf\bin
USERNAME=LENOVO T495
OS=Windows_NT
PROCESSOR_IDENTIFIER=AMD64 Family 23 Model 24 Stepping 1, AuthenticAMD
TMP=C:\Users\LENOVO~1\AppData\Local\Temp
TEMP=C:\Users\LENOVO~1\AppData\Local\Temp




Periodic native trim disabled

---------------  S Y S T E M  ---------------

OS:
 Windows 11 , 64 bit Build 26100 (10.0.26100.4768)
OS uptime: 8 days 21:59 hours
Hyper-V role detected

CPU: total 8 (initial active 8) (8 cores per cpu, 2 threads per core) family 23 model 24 stepping 1 microcode 0x8108109, cx8, cmov, fxsr, ht, mmx, 3dnowpref, sse, sse2, sse3, ssse3, sse4a, sse4.1, sse4.2, popcnt, lzcnt, tsc, tscinvbit, avx, avx2, aes, clmul, bmi1, bmi2, adx, sha, fma, vzeroupper, clflush, clflushopt, hv, rdtscp, f16c
Processor Information for processor 0
  Max Mhz: 2100, Current Mhz: 2100, Mhz Limit: 2100
Processor Information for processor 1
  Max Mhz: 2100, Current Mhz: 2100, Mhz Limit: 2100
Processor Information for processor 2
  Max Mhz: 2100, Current Mhz: 2100, Mhz Limit: 2100
Processor Information for processor 3
  Max Mhz: 2100, Current Mhz: 2100, Mhz Limit: 2100
Processor Information for processor 4
  Max Mhz: 2100, Current Mhz: 1400, Mhz Limit: 2100
Processor Information for processor 5
  Max Mhz: 2100, Current Mhz: 1400, Mhz Limit: 2100
Processor Information for processor 6
  Max Mhz: 2100, Current Mhz: 2100, Mhz Limit: 2100
Processor Information for processor 7
  Max Mhz: 2100, Current Mhz: 2100, Mhz Limit: 2100

Memory: 4k page, system-wide physical 6021M (456M free)
TotalPageFile size 16012M (AvailPageFile size 1M)
current process WorkingSet (physical memory assigned to process): 285M, peak: 291M
current process commit charge ("private bytes"): 321M, peak: 328M

vm_info: Java HotSpot(TM) 64-Bit Server VM (21.0.4+8-LTS-274) for windows-amd64 JRE (21.0.4+8-LTS-274), built on 2024-06-05T05:23:33Z by "mach5one" with MS VC++ 17.6 (VS2022)

END.
