#
# There is insufficient memory for the Java Runtime Environment to continue.
# Native memory allocation (mmap) failed to map 100663296 bytes for G1 virtual space
# Possible reasons:
#   The system is out of physical RAM or swap space
#   The process is running with CompressedOops enabled, and the Java Heap may be blocking the growth of the native heap
# Possible solutions:
#   Reduce memory load on the system
#   Increase physical memory or swap space
#   Check if swap backing store is full
#   Decrease Java heap size (-Xmx/-Xms)
#   Decrease number of Java threads
#   Decrease Java thread stack sizes (-Xss)
#   Set larger code cache with -XX:ReservedCodeCacheSize=
#   JVM is running with Unscaled Compressed Oops mode in which the Java heap is
#     placed in the first 4GB address space. The Java Heap base address is the
#     maximum limit for the native heap growth. Please use -XX:HeapBaseMinAddress
#     to set the Java Heap base and to place the Java Heap above 4GB virtual address.
# This output file may be truncated or incomplete.
#
#  Out of Memory Error (os_windows.cpp:3600), pid=22764, tid=5700
#
# JRE version:  (21.0.4+8) (build )
# Java VM: Java HotSpot(TM) 64-Bit Server VM (21.0.4+8-LTS-274, mixed mode, sharing, tiered, compressed oops, compressed class ptrs, g1 gc, windows-amd64)
# No core dump will be written. Minidumps are not enabled by default on client versions of Windows
#

---------------  S U M M A R Y ------------

Command Line: C:\Users\LENOVO T495\AppData\Local\Temp\surefire15182689624379617387\surefirebooter-20250824195535628_3.jar C:\Users\LENOVO T495\AppData\Local\Temp\surefire15182689624379617387 2025-08-24T19-55-32_996-jvmRun1 surefire-20250824195535628_1tmp surefire_0-20250824195535628_2tmp

Host: AMD Ryzen 5 PRO 3500U w/ Radeon Vega Mobile Gfx, 8 cores, 5G,  Windows 11 , 64 bit Build 26100 (10.0.26100.4768)
Time: Sun Aug 24 19:55:38 2025 India Standard Time elapsed time: 2.036771 seconds (0d 0h 0m 2s)

---------------  T H R E A D  ---------------

Current thread (0x000001f86dffd480):  JavaThread "Unknown thread" [_thread_in_vm, id=5700, stack(0x000000e148b00000,0x000000e148c00000) (1024K)]

Stack: [0x000000e148b00000,0x000000e148c00000]
Native frames: (J=compiled Java code, j=interpreted, Vv=VM code, C=native code)
V  [jvm.dll+0x6c8e59]
V  [jvm.dll+0x853181]
V  [jvm.dll+0x8556ae]
V  [jvm.dll+0x855d83]
V  [jvm.dll+0x27d526]
V  [jvm.dll+0x6c55f5]
V  [jvm.dll+0x6ba17a]
V  [jvm.dll+0x352a8a]
V  [jvm.dll+0x35a6e6]
V  [jvm.dll+0x3acdae]
V  [jvm.dll+0x3ad058]
V  [jvm.dll+0x326dec]
V  [jvm.dll+0x32794b]
V  [jvm.dll+0x81c569]
V  [jvm.dll+0x3b9a11]
V  [jvm.dll+0x805948]
V  [jvm.dll+0x44ec5e]
V  [jvm.dll+0x450851]
C  [jli.dll+0x52a3]
C  [ucrtbase.dll+0x37b0]
C  [KERNEL32.DLL+0x2e8d7]
C  [ntdll.dll+0x3c34c]


---------------  P R O C E S S  ---------------

Threads class SMR info:
_java_thread_list=0x00007ffed9d26c08, length=0, elements={
}

Java Threads: ( => current thread )
Total: 0

Other Threads:
  0x000001f86e2aaf60 WorkerThread "GC Thread#0"                     [id=15252, stack(0x000000e148c00000,0x000000e148d00000) (1024K)]
  0x000001f86e2b8a00 ConcurrentGCThread "G1 Main Marker"            [id=23040, stack(0x000000e148d00000,0x000000e148e00000) (1024K)]
  0x000001f86e2b9500 WorkerThread "G1 Conc#0"                       [id=8480, stack(0x000000e148e00000,0x000000e148f00000) (1024K)]

[error occurred during error reporting (printing all threads), id 0xc0000005, EXCEPTION_ACCESS_VIOLATION (0xc0000005) at pc=0x00007ffed9499577]
VM state: not at safepoint (not fully initialized)

VM Mutex/Monitor currently owned by a thread:  ([mutex/lock_event])
[0x00007ffed9d97f98] Heap_lock - owner thread: 0x000001f86dffd480

Heap address: 0x00000000a1e00000, size: 1506 MB, Compressed Oops mode: 32-bit

CDS archive(s) mapped at: [0x0000000000000000-0x0000000000000000-0x0000000000000000), size 0, SharedBaseAddress: 0x0000000800000000, ArchiveRelocationMode: 1.
Narrow klass base: 0x0000000000000000, Narrow klass shift: 0, Narrow klass range: 0x0

GC Precious Log:
 CardTable entry size: 512
 Card Set container configuration: InlinePtr #cards 5 size 8 Array Of Cards #cards 12 size 40 Howl #buckets 4 coarsen threshold 1843 Howl Bitmap #cards 512 size 80 coarsen threshold 460 Card regions per heap region 1 cards per card region 2048

Heap:
 garbage-first heap   total 0K, used 0K [0x00000000a1e00000, 0x0000000100000000)
  region size 1024K, 0 young (0K), 0 survivors (0K)

[error occurred during error reporting (printing heap information), id 0xc0000005, EXCEPTION_ACCESS_VIOLATION (0xc0000005) at pc=0x00007ffed9881df9]
GC Heap History (0 events):
No events

Dll operation events (1 events):
Event: 0.047 Loaded shared library C:\Program Files\Java\jdk-21\bin\java.dll

Deoptimization events (0 events):
No events

Classes loaded (0 events):
No events

Classes unloaded (0 events):
No events

Classes redefined (0 events):
No events

Internal exceptions (0 events):
No events

ZGC Phase Switch (0 events):
No events

VM Operations (0 events):
No events

Events (0 events):
No events


Dynamic libraries:
0x00007ff73cae0000 - 0x00007ff73caf0000 	C:\Program Files\Java\jdk-21\bin\java.exe
0x00007fff265e0000 - 0x00007fff26847000 	C:\WINDOWS\SYSTEM32\ntdll.dll
0x00007fff252d0000 - 0x00007fff25399000 	C:\WINDOWS\System32\KERNEL32.DLL
0x00007fff23c80000 - 0x00007fff24070000 	C:\WINDOWS\System32\KERNELBASE.dll
0x00007fff23aa0000 - 0x00007fff23beb000 	C:\WINDOWS\System32\ucrtbase.dll
0x00007fff1b8f0000 - 0x00007fff1b909000 	C:\Program Files\Java\jdk-21\bin\jli.dll
0x00007fff1e5f0000 - 0x00007fff1e60b000 	C:\Program Files\Java\jdk-21\bin\VCRUNTIME140.dll
0x00007fff25210000 - 0x00007fff252c4000 	C:\WINDOWS\System32\ADVAPI32.dll
0x00007fff258e0000 - 0x00007fff25989000 	C:\WINDOWS\System32\msvcrt.dll
0x00007fff25d60000 - 0x00007fff25e06000 	C:\WINDOWS\System32\sechost.dll
0x00007fff26270000 - 0x00007fff26388000 	C:\WINDOWS\System32\RPCRT4.dll
0x00007fff260a0000 - 0x00007fff26265000 	C:\WINDOWS\System32\USER32.dll
0x00007fff23850000 - 0x00007fff23877000 	C:\WINDOWS\System32\win32u.dll
0x00007fff0ea40000 - 0x00007fff0ecda000 	C:\WINDOWS\WinSxS\amd64_microsoft.windows.common-controls_6595b64144ccf1df_6.0.26100.4768_none_3e0c112ce331287c\COMCTL32.dll
0x00007fff25990000 - 0x00007fff259bb000 	C:\WINDOWS\System32\GDI32.dll
0x00007fff23710000 - 0x00007fff23848000 	C:\WINDOWS\System32\gdi32full.dll
0x00007fff24140000 - 0x00007fff241e3000 	C:\WINDOWS\System32\msvcp_win.dll
0x00007fff1c530000 - 0x00007fff1c53b000 	C:\WINDOWS\SYSTEM32\VERSION.dll
0x00007fff25b60000 - 0x00007fff25b8f000 	C:\WINDOWS\System32\IMM32.DLL
0x00007fff1e520000 - 0x00007fff1e52c000 	C:\Program Files\Java\jdk-21\bin\vcruntime140_1.dll
0x00007ffefe180000 - 0x00007ffefe20e000 	C:\Program Files\Java\jdk-21\bin\msvcp140.dll
0x00007ffed9160000 - 0x00007ffed9e73000 	C:\Program Files\Java\jdk-21\bin\server\jvm.dll
0x00007fff257c0000 - 0x00007fff25834000 	C:\WINDOWS\System32\WS2_32.dll
0x00007fff23590000 - 0x00007fff235ee000 	C:\WINDOWS\SYSTEM32\POWRPROF.dll
0x00007fff1ab40000 - 0x00007fff1ab75000 	C:\WINDOWS\SYSTEM32\WINMM.dll
0x00007fff23570000 - 0x00007fff23584000 	C:\WINDOWS\SYSTEM32\UMPDC.dll
0x00007fff22450000 - 0x00007fff2246b000 	C:\WINDOWS\SYSTEM32\kernel.appcore.dll
0x00007fff1b570000 - 0x00007fff1b57a000 	C:\Program Files\Java\jdk-21\bin\jimage.dll
0x00007fff20e40000 - 0x00007fff21081000 	C:\WINDOWS\SYSTEM32\DBGHELP.DLL
0x00007fff25420000 - 0x00007fff257a5000 	C:\WINDOWS\System32\combase.dll
0x00007fff259c0000 - 0x00007fff25aa0000 	C:\WINDOWS\System32\OLEAUT32.dll
0x00007fff0da30000 - 0x00007fff0da73000 	C:\WINDOWS\SYSTEM32\dbgcore.DLL
0x00007fff23a00000 - 0x00007fff23a99000 	C:\WINDOWS\System32\bcryptPrimitives.dll
0x00007fff1b540000 - 0x00007fff1b55f000 	C:\Program Files\Java\jdk-21\bin\java.dll

dbghelp: loaded successfully - version: 4.0.5 - missing functions: none
symbol engine: initialized successfully - sym options: 0x614 - pdb path: .;C:\Program Files\Java\jdk-21\bin;C:\WINDOWS\SYSTEM32;C:\WINDOWS\WinSxS\amd64_microsoft.windows.common-controls_6595b64144ccf1df_6.0.26100.4768_none_3e0c112ce331287c;C:\Program Files\Java\jdk-21\bin\server

VM Arguments:
java_command: C:\Users\LENOVO T495\AppData\Local\Temp\surefire15182689624379617387\surefirebooter-20250824195535628_3.jar C:\Users\LENOVO T495\AppData\Local\Temp\surefire15182689624379617387 2025-08-24T19-55-32_996-jvmRun1 surefire-20250824195535628_1tmp surefire_0-20250824195535628_2tmp
java_class_path (initial): C:\Users\LENOVO T495\AppData\Local\Temp\surefire15182689624379617387\surefirebooter-20250824195535628_3.jar
Launcher Type: SUN_STANDARD

[Global flags]
     intx CICompilerCount                          = 4                                         {product} {ergonomic}
     uint ConcGCThreads                            = 2                                         {product} {ergonomic}
     uint G1ConcRefinementThreads                  = 8                                         {product} {ergonomic}
   size_t G1HeapRegionSize                         = 1048576                                   {product} {ergonomic}
    uintx GCDrainStackTargetSize                   = 64                                        {product} {ergonomic}
   size_t InitialHeapSize                          = 100663296                                 {product} {ergonomic}
   size_t MarkStackSize                            = 4194304                                   {product} {ergonomic}
   size_t MaxHeapSize                              = 1579155456                                {product} {ergonomic}
   size_t MinHeapDeltaBytes                        = 1048576                                   {product} {ergonomic}
   size_t MinHeapSize                              = 8388608                                   {product} {ergonomic}
    uintx NonNMethodCodeHeapSize                   = 5839372                                {pd product} {ergonomic}
    uintx NonProfiledCodeHeapSize                  = 122909434                              {pd product} {ergonomic}
    uintx ProfiledCodeHeapSize                     = 122909434                              {pd product} {ergonomic}
    uintx ReservedCodeCacheSize                    = 251658240                              {pd product} {ergonomic}
     bool SegmentedCodeCache                       = true                                      {product} {ergonomic}
   size_t SoftMaxHeapSize                          = 1579155456                             {manageable} {ergonomic}
     bool UseCompressedOops                        = true                           {product lp64_product} {ergonomic}
     bool UseG1GC                                  = true                                      {product} {ergonomic}
     bool UseLargePagesIndividualAllocation        = false                                  {pd product} {ergonomic}

Logging:
Log output configuration:
 #0: stdout all=warning uptime,level,tags foldmultilines=false
 #1: stderr all=off uptime,level,tags foldmultilines=false

Environment Variables:
PATH=C:\Program Files\Common Files\Oracle\Java\javapath;C:\WINDOWS\system32;C:\WINDOWS;C:\WINDOWS\System32\Wbem;C:\WINDOWS\System32\WindowsPowerShell\v1.0\;C:\WINDOWS\System32\OpenSSH\;C:\Program Files (x86)\Windows Kits\10\Windows Performance Toolkit\;C:\Program Files\dotnet\;C:\Program Files\Git\cmd;C:\Program Files\Git\mingw64\bin;C:\Program Files\Git\usr\bin;C:\Program Files\Docker\Docker\resources\bin;C:\Windows\SysWow64;C:\Program Files\nodejs\node_modules\;C:\Users\LENOVO T495\AppData\Local\Programs\Python\Launcher\;C:\Program Files\MySQL\MySQL Shell 8.0\bin\;C:\Users\LENOVO T495\AppData\Local\Microsoft\WindowsApps;C:\Users\LENOVO T495\AppData\Local\Programs\Microsoft VS Code\bin;;D:\IntelliJ IDEA 2024.3.5\bin;;D:\Cursor\cursor\resources\app\bin;C:\Users\LENOVO T495\AppData\Roaming\npm;E:\Windsurf\bin
USERNAME=LENOVO T495
OS=Windows_NT
PROCESSOR_IDENTIFIER=AMD64 Family 23 Model 24 Stepping 1, AuthenticAMD
TMP=C:\Users\LENOVO~1\AppData\Local\Temp
TEMP=C:\Users\LENOVO~1\AppData\Local\Temp




Periodic native trim disabled

---------------  S Y S T E M  ---------------

OS:
 Windows 11 , 64 bit Build 26100 (10.0.26100.4768)
OS uptime: 8 days 21:43 hours
Hyper-V role detected

CPU: total 8 (initial active 8) (8 cores per cpu, 2 threads per core) family 23 model 24 stepping 1 microcode 0x8108109, cx8, cmov, fxsr, ht, mmx, 3dnowpref, sse, sse2, sse3, ssse3, sse4a, sse4.1, sse4.2, popcnt, lzcnt, tsc, tscinvbit, avx, avx2, aes, clmul, bmi1, bmi2, adx, sha, fma, vzeroupper, clflush, clflushopt, hv, rdtscp, f16c
Processor Information for all 8 processors :
  Max Mhz: 2100, Current Mhz: 2100, Mhz Limit: 2100

Memory: 4k page, system-wide physical 6021M (270M free)
TotalPageFile size 16012M (AvailPageFile size 80M)
current process WorkingSet (physical memory assigned to process): 11M, peak: 11M
current process commit charge ("private bytes"): 60M, peak: 156M

vm_info: Java HotSpot(TM) 64-Bit Server VM (21.0.4+8-LTS-274) for windows-amd64 JRE (21.0.4+8-LTS-274), built on 2024-06-05T05:23:33Z by "mach5one" with MS VC++ 17.6 (VS2022)

END.
